
/Users/haikalhamizan/Documents/HIKL/Mugifumi App/mugifumi-app/src/app/api/attendance/[id]/clock-out/route.ts
  15:12  warning  'error' is defined but never used  @typescript-eslint/no-unused-vars

/Users/haikalhamizan/Documents/HIKL/Mugifumi App/mugifumi-app/src/app/api/attendance/clock-in/route.ts
  55:12  warning  'error' is defined but never used  @typescript-eslint/no-unused-vars

/Users/haikalhamizan/Documents/HIKL/Mugifumi App/mugifumi-app/src/app/api/attendance/me/route.ts
  96:12  warning  'error' is defined but never used  @typescript-eslint/no-unused-vars

/Users/haikalhamizan/Documents/HIKL/Mugifumi App/mugifumi-app/src/app/api/attendance/open/route.ts
  14:12  warning  'error' is defined but never used  @typescript-eslint/no-unused-vars

/Users/haikalhamizan/Documents/HIKL/Mugifumi App/mugifumi-app/src/app/api/auth/forgot/route.ts
  20:12  warning  'error' is defined but never used  @typescript-eslint/no-unused-vars

/Users/haikalhamizan/Documents/HIKL/Mugifumi App/mugifumi-app/src/app/api/auth/login/route.ts
  30:31  warning  '_' is assigned a value but never used    @typescript-eslint/no-unused-vars
  30:57  warning  Unexpected any. Specify a different type  @typescript-eslint/no-explicit-any
  40:27  warning  '_' is assigned a value but never used    @typescript-eslint/no-unused-vars
  40:54  warning  Unexpected any. Specify a different type  @typescript-eslint/no-explicit-any
  42:12  warning  'error' is defined but never used         @typescript-eslint/no-unused-vars

/Users/haikalhamizan/Documents/HIKL/Mugifumi App/mugifumi-app/src/app/api/deliveries/route.ts
   16:18  warning  Unexpected any. Specify a different type  @typescript-eslint/no-explicit-any
  313:15  warning  Unexpected any. Specify a different type  @typescript-eslint/no-explicit-any

/Users/haikalhamizan/Documents/HIKL/Mugifumi App/mugifumi-app/src/app/api/finance/actual/route.ts
  9:10  warning  Unexpected any. Specify a different type  @typescript-eslint/no-explicit-any

/Users/haikalhamizan/Documents/HIKL/Mugifumi App/mugifumi-app/src/app/api/finance/metrics/route.ts
   21:11  warning  Unexpected any. Specify a different type          @typescript-eslint/no-explicit-any
   30:11  warning  Unexpected any. Specify a different type          @typescript-eslint/no-explicit-any
  132:13  warning  'totalAmount' is assigned a value but never used  @typescript-eslint/no-unused-vars
  227:75  warning  Unexpected any. Specify a different type          @typescript-eslint/no-explicit-any
  286:75  warning  Unexpected any. Specify a different type          @typescript-eslint/no-explicit-any

/Users/haikalhamizan/Documents/HIKL/Mugifumi App/mugifumi-app/src/app/api/finance/plan/route.ts
  9:10  warning  Unexpected any. Specify a different type  @typescript-eslint/no-explicit-any

/Users/haikalhamizan/Documents/HIKL/Mugifumi App/mugifumi-app/src/app/api/finance/report/route.ts
    9:9   warning  Unexpected any. Specify a different type  @typescript-eslint/no-explicit-any
  118:93  warning  Unexpected any. Specify a different type  @typescript-eslint/no-explicit-any
  119:64  warning  Unexpected any. Specify a different type  @typescript-eslint/no-explicit-any
  121:73  warning  Unexpected any. Specify a different type  @typescript-eslint/no-explicit-any

/Users/haikalhamizan/Documents/HIKL/Mugifumi App/mugifumi-app/src/app/api/finance/sales/route.ts
  15:19  warning  Unexpected any. Specify a different type  @typescript-eslint/no-explicit-any
  36:23  warning  Unexpected any. Specify a different type  @typescript-eslint/no-explicit-any
  91:73  warning  Unexpected any. Specify a different type  @typescript-eslint/no-explicit-any

/Users/haikalhamizan/Documents/HIKL/Mugifumi App/mugifumi-app/src/app/api/inventory/in/route.ts
  99:19  warning  Unexpected any. Specify a different type  @typescript-eslint/no-explicit-any

/Users/haikalhamizan/Documents/HIKL/Mugifumi App/mugifumi-app/src/app/api/inventory/item/route.ts
  24:19  warning  Unexpected any. Specify a different type  @typescript-eslint/no-explicit-any

/Users/haikalhamizan/Documents/HIKL/Mugifumi App/mugifumi-app/src/app/api/inventory/move/route.ts
  32:19  warning  Unexpected any. Specify a different type  @typescript-eslint/no-explicit-any

/Users/haikalhamizan/Documents/HIKL/Mugifumi App/mugifumi-app/src/app/api/inventory/out/route.ts
  1:10  warning  'NextRequest' is defined but never used  @typescript-eslint/no-unused-vars

/Users/haikalhamizan/Documents/HIKL/Mugifumi App/mugifumi-app/src/app/api/orders/pending/route.ts
  17:18  warning  Unexpected any. Specify a different type  @typescript-eslint/no-explicit-any

/Users/haikalhamizan/Documents/HIKL/Mugifumi App/mugifumi-app/src/app/api/orders/route.ts
   25:18  warning  Unexpected any. Specify a different type  @typescript-eslint/no-explicit-any
  241:15  warning  Unexpected any. Specify a different type  @typescript-eslint/no-explicit-any

/Users/haikalhamizan/Documents/HIKL/Mugifumi App/mugifumi-app/src/app/api/overtime/[id]/approve/route.ts
  16:12  warning  'error' is defined but never used  @typescript-eslint/no-unused-vars

/Users/haikalhamizan/Documents/HIKL/Mugifumi App/mugifumi-app/src/app/api/overtime/route.ts
  27:18  warning  Unexpected any. Specify a different type  @typescript-eslint/no-explicit-any
  32:12  warning  'error' is defined but never used         @typescript-eslint/no-unused-vars
  46:12  warning  'error' is defined but never used         @typescript-eslint/no-unused-vars

/Users/haikalhamizan/Documents/HIKL/Mugifumi App/mugifumi-app/src/app/api/payroll/summary/route.ts
  30:34  warning  Unexpected any. Specify a different type  @typescript-eslint/no-explicit-any
  70:12  warning  'error' is defined but never used         @typescript-eslint/no-unused-vars

/Users/haikalhamizan/Documents/HIKL/Mugifumi App/mugifumi-app/src/app/api/products/route.ts
  77:19  warning  Unexpected any. Specify a different type  @typescript-eslint/no-explicit-any

/Users/haikalhamizan/Documents/HIKL/Mugifumi App/mugifumi-app/src/app/api/reports/menu-items/route.ts
  16:23  warning  Unexpected any. Specify a different type  @typescript-eslint/no-explicit-any

/Users/haikalhamizan/Documents/HIKL/Mugifumi App/mugifumi-app/src/app/api/reports/sales/route.ts
  15:23  warning  Unexpected any. Specify a different type  @typescript-eslint/no-explicit-any
  78:73  warning  Unexpected any. Specify a different type  @typescript-eslint/no-explicit-any

/Users/haikalhamizan/Documents/HIKL/Mugifumi App/mugifumi-app/src/app/api/sales/[id]/items/route.ts
  53:19  warning  Unexpected any. Specify a different type  @typescript-eslint/no-explicit-any

/Users/haikalhamizan/Documents/HIKL/Mugifumi App/mugifumi-app/src/app/api/sales/[id]/route.ts
  39:17  warning  Unexpected any. Specify a different type  @typescript-eslint/no-explicit-any
  61:19  warning  Unexpected any. Specify a different type  @typescript-eslint/no-explicit-any
  87:19  warning  Unexpected any. Specify a different type  @typescript-eslint/no-explicit-any

/Users/haikalhamizan/Documents/HIKL/Mugifumi App/mugifumi-app/src/app/api/sales/items/[itemId]/route.ts
  15:17  warning  Unexpected any. Specify a different type  @typescript-eslint/no-explicit-any
  25:19  warning  Unexpected any. Specify a different type  @typescript-eslint/no-explicit-any
  54:19  warning  Unexpected any. Specify a different type  @typescript-eslint/no-explicit-any

/Users/haikalhamizan/Documents/HIKL/Mugifumi App/mugifumi-app/src/app/api/sales/route.ts
   15:18  warning  Unexpected any. Specify a different type        @typescript-eslint/no-explicit-any
  109:7   warning  'estPayout' is assigned a value but never used  @typescript-eslint/no-unused-vars
  285:15  warning  Unexpected any. Specify a different type        @typescript-eslint/no-explicit-any

/Users/haikalhamizan/Documents/HIKL/Mugifumi App/mugifumi-app/src/app/api/test-local/route.ts
  27:12  warning  'error' is defined but never used  @typescript-eslint/no-unused-vars

/Users/haikalhamizan/Documents/HIKL/Mugifumi App/mugifumi-app/src/app/api/test-schema/route.ts
  5:27  warning  'req' is defined but never used  @typescript-eslint/no-unused-vars

/Users/haikalhamizan/Documents/HIKL/Mugifumi App/mugifumi-app/src/app/api/test-simple/route.ts
  5:27  warning  'req' is defined but never used  @typescript-eslint/no-unused-vars

/Users/haikalhamizan/Documents/HIKL/Mugifumi App/mugifumi-app/src/app/api/users/[id]/route.ts
  10:12  warning  'error' is defined but never used         @typescript-eslint/no-unused-vars
  20:17  warning  Unexpected any. Specify a different type  @typescript-eslint/no-explicit-any
  27:12  warning  'error' is defined but never used         @typescript-eslint/no-unused-vars

/Users/haikalhamizan/Documents/HIKL/Mugifumi App/mugifumi-app/src/app/api/users/route.ts
  23:12  warning  'error' is defined but never used  @typescript-eslint/no-unused-vars
  44:12  warning  'error' is defined but never used  @typescript-eslint/no-unused-vars

/Users/haikalhamizan/Documents/HIKL/Mugifumi App/mugifumi-app/src/app/api/whatsapp/send-delivery-notification/route.ts
  3:10  warning  'withRetry' is defined but never used  @typescript-eslint/no-unused-vars

/Users/haikalhamizan/Documents/HIKL/Mugifumi App/mugifumi-app/src/app/api/whatsapp/send-order-notification/route.ts
  3:10  warning  'withRetry' is defined but never used  @typescript-eslint/no-unused-vars

/Users/haikalhamizan/Documents/HIKL/Mugifumi App/mugifumi-app/src/app/api/whatsapp/send-report/route.ts
   79:21  warning  Unexpected any. Specify a different type            @typescript-eslint/no-explicit-any
  133:71  warning  Unexpected any. Specify a different type            @typescript-eslint/no-explicit-any
  134:11  warning  'discountPct' is assigned a value but never used    @typescript-eslint/no-unused-vars
  195:5   warning  'totalOriginal' is assigned a value but never used  @typescript-eslint/no-unused-vars
  196:5   warning  'totalPotongan' is assigned a value but never used  @typescript-eslint/no-unused-vars

/Users/haikalhamizan/Documents/HIKL/Mugifumi App/mugifumi-app/src/app/attendance/page.tsx
  15:27  error    React Hook "useState" is called conditionally. React Hooks must be called in the exact same order in every component render   react-hooks/rules-of-hooks
  16:33  error    React Hook "useState" is called conditionally. React Hooks must be called in the exact same order in every component render   react-hooks/rules-of-hooks
  16:42  warning  Unexpected any. Specify a different type                                                                                      @typescript-eslint/no-explicit-any
  17:31  error    React Hook "useState" is called conditionally. React Hooks must be called in the exact same order in every component render   react-hooks/rules-of-hooks
  18:35  error    React Hook "useState" is called conditionally. React Hooks must be called in the exact same order in every component render   react-hooks/rules-of-hooks
  19:33  error    React Hook "useState" is called conditionally. React Hooks must be called in the exact same order in every component render   react-hooks/rules-of-hooks
  20:35  error    React Hook "useState" is called conditionally. React Hooks must be called in the exact same order in every component render   react-hooks/rules-of-hooks
  40:53  warning  Unexpected any. Specify a different type                                                                                      @typescript-eslint/no-explicit-any
  58:3   error    React Hook "useEffect" is called conditionally. React Hooks must be called in the exact same order in every component render  react-hooks/rules-of-hooks
  58:32  warning  React Hook useEffect has a missing dependency: 'load'. Either include it or remove the dependency array                       react-hooks/exhaustive-deps
  69:23  error    React Hook "useMemo" is called conditionally. React Hooks must be called in the exact same order in every component render    react-hooks/rules-of-hooks
  70:25  error    React Hook "useMemo" is called conditionally. React Hooks must be called in the exact same order in every component render    react-hooks/rules-of-hooks

/Users/haikalhamizan/Documents/HIKL/Mugifumi App/mugifumi-app/src/app/dashboard/page.tsx
   3:19  warning  'hasAccess' is defined but never used     @typescript-eslint/no-unused-vars
  11:54  warning  Unexpected any. Specify a different type  @typescript-eslint/no-explicit-any
  26:26  warning  Unexpected any. Specify a different type  @typescript-eslint/no-explicit-any
  69:51  warning  Unexpected any. Specify a different type  @typescript-eslint/no-explicit-any
  79:47  warning  Unexpected any. Specify a different type  @typescript-eslint/no-explicit-any

/Users/haikalhamizan/Documents/HIKL/Mugifumi App/mugifumi-app/src/app/delivery/page.tsx
   99:105  warning  Unexpected any. Specify a different type                                                                              @typescript-eslint/no-explicit-any
  166:6    warning  React Hook useEffect has a missing dependency: 'getInitialRegion'. Either include it or remove the dependency array   react-hooks/exhaustive-deps
  168:42   warning  React Hook useEffect has a missing dependency: 'loadDeliveries'. Either include it or remove the dependency array     react-hooks/exhaustive-deps
  169:45   warning  React Hook useEffect has a missing dependency: 'loadPendingOrders'. Either include it or remove the dependency array  react-hooks/exhaustive-deps
  245:61   warning  Unexpected any. Specify a different type                                                                              @typescript-eslint/no-explicit-any
  358:20   warning  Unexpected any. Specify a different type                                                                              @typescript-eslint/no-explicit-any

/Users/haikalhamizan/Documents/HIKL/Mugifumi App/mugifumi-app/src/app/finance/actual/page.tsx
    29:9   warning  Unexpected any. Specify a different type  @typescript-eslint/no-explicit-any
    36:9   warning  Unexpected any. Specify a different type  @typescript-eslint/no-explicit-any
    41:9   warning  Unexpected any. Specify a different type  @typescript-eslint/no-explicit-any
   618:14  warning  Unexpected any. Specify a different type  @typescript-eslint/no-explicit-any
   655:82  warning  Unexpected any. Specify a different type  @typescript-eslint/no-explicit-any
   663:36  warning  Unexpected any. Specify a different type  @typescript-eslint/no-explicit-any
   699:43  warning  Unexpected any. Specify a different type  @typescript-eslint/no-explicit-any
   710:43  warning  Unexpected any. Specify a different type  @typescript-eslint/no-explicit-any
   732:3   warning  'planBudget' is defined but never used    @typescript-eslint/no-unused-vars
   744:38  warning  Unexpected any. Specify a different type  @typescript-eslint/no-explicit-any
   839:14  warning  Unexpected any. Specify a different type  @typescript-eslint/no-explicit-any
   849:48  warning  Unexpected any. Specify a different type  @typescript-eslint/no-explicit-any
   962:14  warning  Unexpected any. Specify a different type  @typescript-eslint/no-explicit-any
   969:38  warning  Unexpected any. Specify a different type  @typescript-eslint/no-explicit-any
   976:35  warning  Unexpected any. Specify a different type  @typescript-eslint/no-explicit-any
  1073:14  warning  Unexpected any. Specify a different type  @typescript-eslint/no-explicit-any
  1080:38  warning  Unexpected any. Specify a different type  @typescript-eslint/no-explicit-any
  1086:35  warning  Unexpected any. Specify a different type  @typescript-eslint/no-explicit-any

/Users/haikalhamizan/Documents/HIKL/Mugifumi App/mugifumi-app/src/app/finance/layout.tsx
  7:10  warning  'cn' is defined but never used  @typescript-eslint/no-unused-vars

/Users/haikalhamizan/Documents/HIKL/Mugifumi App/mugifumi-app/src/app/finance/plan/page.tsx
    44:9   warning  Unexpected any. Specify a different type  @typescript-eslint/no-explicit-any
    51:9   warning  Unexpected any. Specify a different type  @typescript-eslint/no-explicit-any
    56:9   warning  Unexpected any. Specify a different type  @typescript-eslint/no-explicit-any
   818:82  warning  Unexpected any. Specify a different type  @typescript-eslint/no-explicit-any
   849:51  warning  Unexpected any. Specify a different type  @typescript-eslint/no-explicit-any
   864:43  warning  Unexpected any. Specify a different type  @typescript-eslint/no-explicit-any
   875:43  warning  Unexpected any. Specify a different type  @typescript-eslint/no-explicit-any
  1030:48  warning  Unexpected any. Specify a different type  @typescript-eslint/no-explicit-any
  1149:38  warning  Unexpected any. Specify a different type  @typescript-eslint/no-explicit-any
  1259:38  warning  Unexpected any. Specify a different type  @typescript-eslint/no-explicit-any
  1364:38  warning  Unexpected any. Specify a different type  @typescript-eslint/no-explicit-any

/Users/haikalhamizan/Documents/HIKL/Mugifumi App/mugifumi-app/src/app/forgot/page.tsx
  44:14  warning  'err' is defined but never used  @typescript-eslint/no-unused-vars

/Users/haikalhamizan/Documents/HIKL/Mugifumi App/mugifumi-app/src/app/inventory/page.tsx
  11:35  warning  'hasAccess' is defined but never used     @typescript-eslint/no-unused-vars
  40:12  warning  Unexpected any. Specify a different type  @typescript-eslint/no-explicit-any
  45:17  warning  Unexpected any. Specify a different type  @typescript-eslint/no-explicit-any

/Users/haikalhamizan/Documents/HIKL/Mugifumi App/mugifumi-app/src/app/login/page.tsx
  40:14  warning  'err' is defined but never used  @typescript-eslint/no-unused-vars

/Users/haikalhamizan/Documents/HIKL/Mugifumi App/mugifumi-app/src/app/orders/page.tsx
  156:38  warning  React Hook useEffect has a missing dependency: 'loadOrders'. Either include it or remove the dependency array  react-hooks/exhaustive-deps
  319:20  warning  Unexpected any. Specify a different type                                                                       @typescript-eslint/no-explicit-any

/Users/haikalhamizan/Documents/HIKL/Mugifumi App/mugifumi-app/src/app/overtime/approvals/page.tsx
   2:21  warning  'useMemo' is defined but never used                                                                      @typescript-eslint/no-unused-vars
   3:19  warning  'hasAccess' is defined but never used                                                                    @typescript-eslint/no-unused-vars
  11:38  warning  Unexpected any. Specify a different type                                                                 @typescript-eslint/no-explicit-any
  25:37  warning  Unexpected any. Specify a different type                                                                 @typescript-eslint/no-explicit-any
  28:32  warning  React Hook useEffect has a missing dependency: 'load'. Either include it or remove the dependency array  react-hooks/exhaustive-deps

/Users/haikalhamizan/Documents/HIKL/Mugifumi App/mugifumi-app/src/app/overtime/page.tsx
  12:38  warning  Unexpected any. Specify a different type                                                                 @typescript-eslint/no-explicit-any
  26:32  warning  React Hook useEffect has a missing dependency: 'load'. Either include it or remove the dependency array  react-hooks/exhaustive-deps

/Users/haikalhamizan/Documents/HIKL/Mugifumi App/mugifumi-app/src/app/page.tsx
   7:16  warning  'CardContent' is defined but never used                                                        @typescript-eslint/no-unused-vars
  11:3   warning  Unused eslint-disable directive (no problems were reported from 'react-hooks/rules-of-hooks')

/Users/haikalhamizan/Documents/HIKL/Mugifumi App/mugifumi-app/src/app/payroll/page.tsx
  15:36  warning  Unexpected any. Specify a different type                                                                                    @typescript-eslint/no-explicit-any
  24:32  warning  React Hook useEffect has a missing dependency: 'load'. Either include it or remove the dependency array                     react-hooks/exhaustive-deps
  30:20  error    React Hook "useMemo" is called conditionally. React Hooks must be called in the exact same order in every component render  react-hooks/rules-of-hooks

/Users/haikalhamizan/Documents/HIKL/Mugifumi App/mugifumi-app/src/app/products/page.tsx
  40:3  error  React Hook "useEffect" is called conditionally. React Hooks must be called in the exact same order in every component render. Did you accidentally call a React Hook after an early return?  react-hooks/rules-of-hooks

/Users/haikalhamizan/Documents/HIKL/Mugifumi App/mugifumi-app/src/app/reports/page.tsx
    3:10  warning  'Input' is defined but never used                                                                                 @typescript-eslint/no-unused-vars
   15:34  warning  Unexpected any. Specify a different type                                                                          @typescript-eslint/no-explicit-any
   16:38  warning  Unexpected any. Specify a different type                                                                          @typescript-eslint/no-explicit-any
   17:46  warning  Unexpected any. Specify a different type                                                                          @typescript-eslint/no-explicit-any
   88:14  warning  'error' is defined but never used                                                                                 @typescript-eslint/no-unused-vars
  100:6   warning  React Hook useEffect has a missing dependency: 'load'. Either include it or remove the dependency array           react-hooks/exhaustive-deps
  106:6   warning  React Hook useEffect has a missing dependency: 'loadMenuItems'. Either include it or remove the dependency array  react-hooks/exhaustive-deps
  161:70  warning  Unexpected any. Specify a different type                                                                          @typescript-eslint/no-explicit-any
  166:45  warning  Unexpected any. Specify a different type                                                                          @typescript-eslint/no-explicit-any
  166:63  warning  Unexpected any. Specify a different type                                                                          @typescript-eslint/no-explicit-any
  181:62  warning  Unexpected any. Specify a different type                                                                          @typescript-eslint/no-explicit-any
  208:71  warning  Unexpected any. Specify a different type                                                                          @typescript-eslint/no-explicit-any
  231:72  warning  Unexpected any. Specify a different type                                                                          @typescript-eslint/no-explicit-any
  257:63  warning  Unexpected any. Specify a different type                                                                          @typescript-eslint/no-explicit-any
  343:97  warning  Unexpected any. Specify a different type                                                                          @typescript-eslint/no-explicit-any
  390:51  warning  Unexpected any. Specify a different type                                                                          @typescript-eslint/no-explicit-any

/Users/haikalhamizan/Documents/HIKL/Mugifumi App/mugifumi-app/src/app/sales/page.tsx
   72:37  warning  React Hook useEffect has a missing dependency: 'loadSales'. Either include it or remove the dependency array  react-hooks/exhaustive-deps
  136:20  warning  Unexpected any. Specify a different type                                                                      @typescript-eslint/no-explicit-any
  177:69  warning  Unexpected any. Specify a different type                                                                      @typescript-eslint/no-explicit-any
  177:88  warning  Unexpected any. Specify a different type                                                                      @typescript-eslint/no-explicit-any
  188:54  warning  Unexpected any. Specify a different type                                                                      @typescript-eslint/no-explicit-any
  613:32  warning  Unexpected any. Specify a different type                                                                      @typescript-eslint/no-explicit-any

/Users/haikalhamizan/Documents/HIKL/Mugifumi App/mugifumi-app/src/app/users/page.tsx
   82:89  warning  Unexpected any. Specify a different type  @typescript-eslint/no-explicit-any
  156:42  warning  Unexpected any. Specify a different type  @typescript-eslint/no-explicit-any
  164:70  warning  Unexpected any. Specify a different type  @typescript-eslint/no-explicit-any
  166:59  warning  Unexpected any. Specify a different type  @typescript-eslint/no-explicit-any
  179:60  warning  Unexpected any. Specify a different type  @typescript-eslint/no-explicit-any
  181:62  warning  Unexpected any. Specify a different type  @typescript-eslint/no-explicit-any
  199:70  warning  Unexpected any. Specify a different type  @typescript-eslint/no-explicit-any
  201:59  warning  Unexpected any. Specify a different type  @typescript-eslint/no-explicit-any
  214:60  warning  Unexpected any. Specify a different type  @typescript-eslint/no-explicit-any
  216:62  warning  Unexpected any. Specify a different type  @typescript-eslint/no-explicit-any
  234:42  warning  Unexpected any. Specify a different type  @typescript-eslint/no-explicit-any
  248:34  warning  Unexpected any. Specify a different type  @typescript-eslint/no-explicit-any
  249:49  warning  Unexpected any. Specify a different type  @typescript-eslint/no-explicit-any
  250:55  warning  Unexpected any. Specify a different type  @typescript-eslint/no-explicit-any
  251:53  warning  Unexpected any. Specify a different type  @typescript-eslint/no-explicit-any
  252:57  warning  Unexpected any. Specify a different type  @typescript-eslint/no-explicit-any

/Users/haikalhamizan/Documents/HIKL/Mugifumi App/mugifumi-app/test_api_endpoints.js
  21:11  warning  'data' is assigned a value but never used  @typescript-eslint/no-unused-vars

✖ 180 problems (11 errors, 169 warnings)
  0 errors and 1 warning potentially fixable with the `--fix` option.

